make all --print-data-base --no-builtin-variables --no-builtin-rules --question
# GNU Make 3.81
# Copyright (C) 2006  Free Software Foundation, Inc.
# This is free software; see the source for copying conditions.
# There is NO warranty; not even for MERCHANTABILITY or FITNESS FOR A
# PARTICULAR PURPOSE.

# This program built for i386-apple-darwin11.3.0
 

# Make data base, printed on Thu Dec  1 12:58:33 2022

# Variables

# automatic
<D = $(patsubst %/,%,$(dir $<))
# automatic
?F = $(notdir $?)
# automatic
?D = $(patsubst %/,%,$(dir $?))
# automatic
@D = $(patsubst %/,%,$(dir $@))
# automatic
@F = $(notdir $@)
# makefile
CURDIR := /Users/vferraro/Documents/42lausanne/Rentree_11.10.21/Cub3D/code
# makefile
SHELL = /bin/sh
# makefile (from `Makefile', line 33)
RM = rm -f
# environment
VSCODE_NLS_CONFIG = {"locale":"en-us","availableLanguages":{},"_languagePackSupport":true}
# environment
_ = /usr/bin/make
# makefile (from `Makefile', line 28)
CFLAGS = -Wall -Wextra -Werror -Imlx 
# makefile (from `Makefile', line 10)
BLUE = \033[34m
# makefile (from `Makefile', line 24)
PRINTF_PATH = ./utils/ft_printf/
# makefile (from `Makefile', line 1)
MAKEFILE_LIST :=  Makefile
# makefile (from `Makefile', line 17)
OBJS = ${SRCS:.c=.o}
# environment
VSCODE_CWD = /
# environment
PATH = /usr/bin:/bin:/usr/sbin:/sbin:/usr/local/bin
# environment
LaunchInstanceID = 0A356F04-B0B3-4AA0-9AFF-4395CEFD7086
# makefile (from `Makefile', line 32)
AR = ar rc
# makefile (from `Makefile', line 25)
MLX_PATH = ./utils/mlx/
# environment
ELECTRON_RUN_AS_NODE = 1
# makefile (from `Makefile', line 3)
GREEN2 = \033[32m
# default
.FEATURES := target-specific order-only second-expansion else-if archives jobserver check-symlink
# environment
SSH_AUTH_SOCK = /private/tmp/com.apple.launchd.rlKX1NWsKW/Listeners
# automatic
%F = $(notdir $%)
# makefile (from `Makefile', line 8)
HIDDEN = \e[8m
# makefile (from `Makefile', line 30)
MLXFLAGS = -framework OpenGL -framework AppKit
# environment
PWD = /Users/vferraro/Documents/42lausanne/Rentree_11.10.21/Cub3D/code
# environment
ORIGINAL_XDG_CURRENT_DESKTOP = undefined
# makefile (from `Makefile', line 2)
GREEN = \e[32m
# environment
VSCODE_AMD_ENTRYPOINT = vs/workbench/api/node/extensionHostProcess
# environment
HOME = /Users/vferraro
# default
MAKEFILEPATH := /Applications/Xcode.app/Contents/Developer/Makefiles
# environment
VSCODE_CODE_CACHE_PATH = /Users/vferraro/Library/Application Support/Code/CachedData/b06ae3b2d2dbfe28bca3134cc6be65935cdfea6a
# environment
LOGNAME = vferraro
# environment
APPLICATION_INSIGHTS_NO_DIAGNOSTIC_CHANNEL = 1
# environment
VSCODE_HANDLES_UNCAUGHT_ERRORS = true
# automatic
^D = $(patsubst %/,%,$(dir $^))
# environment
XPC_FLAGS = 0x0
# default
MAKE = $(MAKE_COMMAND)
# default
MAKECMDGOALS := all
# makefile (from `Makefile', line 15)
SRCS = srcs/cub3d.c
# environment
SHLVL = 1
# makefile (from `Makefile', line 5)
WHITE = \e[39m
# makefile (from `Makefile', line 27)
CC = gcc
# default
MAKE_VERSION := 3.81
# environment
USER = vferraro
# makefile
.DEFAULT_GOAL := all
# makefile (from `Makefile', line 13)
NAME = cub3d
# makefile (from `Makefile', line 7)
ORANGE = $(shell tput setaf 208)
# automatic
%D = $(patsubst %/,%,$(dir $%))
# default
MAKE_COMMAND := /Applications/Xcode.app/Contents/Developer/usr/bin/make
# default
.VARIABLES := 
# environment
TMPDIR = /var/folders/zz/zyxvpxvq6csfxvn_n000c_qw0032nz/T/
# automatic
*F = $(notdir $*)
# environment
VSCODE_IPC_HOOK = /Users/vferraro/Library/Application Support/Code/1.69.1-main.sock
# environment
MallocNanoZone = 0
# makefile (from `Makefile', line 4)
RED = \e[31m
# makefile
MAKEFLAGS = Rrqp
# environment
MFLAGS = -Rrqp
# automatic
*D = $(patsubst %/,%,$(dir $*))
# makefile (from `Makefile', line 18)
MAIN = srcs/cub3d.c
# environment
XPC_SERVICE_NAME = com.apple.xpc.launchd.oneshot.0x10000001.Electron
# automatic
+D = $(patsubst %/,%,$(dir $+))
# makefile (from `Makefile', line 6)
YELLOW = \033[33m
# makefile (from `Makefile', line 11)
CYAN = \033[36m
# automatic
+F = $(notdir $+)
# environment
__CF_USER_TEXT_ENCODING = 0x18ABF:0x0:0x0
# environment
COMMAND_MODE = unix2003
# default
MAKEFILES := 
# automatic
<F = $(notdir $<)
# makefile (from `Makefile', line 22)
LIB = utils/libft/libft.a utils/ft_printf/libftprintf.a utils/mlx/libmlx.a
# makefile (from `Makefile', line 23)
LBFT_PATH = ./utils/libft/
# environment
LC_ALL = C
# makefile (from `Makefile', line 9)
RESET = \e[0
# makefile (from `Makefile', line 20)
HEADER = -Iinclude
# environment
SECURITYSESSIONID = 186a7
# automatic
^F = $(notdir $^)
# default
SUFFIXES := 
# default
.INCLUDE_DIRS = /usr/local/include
# environment
MAKELEVEL := 0
# environment
LANG = C
# environment
VSCODE_PID = 4507
# makefile (from `Makefile', line 1)
PURP = \e[35m
# variable set hash-table stats:
# Load=84/1024=8%, Rehash=0, Collisions=7/112=6%

# Pattern-specific Variable Values

# No pattern-specific variable values.

# Directories

# . (device 16777225, inode 1890765): 11 files, no impossibilities.

# 11 files, no impossibilities in 1 directories.

# Implicit Rules

# No implicit rules.

# Files

all: cub3d
#  Phony target (prerequisite of .PHONY).
#  Command-line target.
#  Implicit rule search has not been done.
#  File does not exist.
#  File has been updated.
#  Successfully updated.
# variable set hash-table stats:
# Load=0/32=0%, Rehash=0, Collisions=0/0=0%

.PHONY: all clean fclean re party
#  Implicit rule search has not been done.
#  Modification time never checked.
#  File has not been updated.

cub3d: srcs/cub3d.o
#  Implicit rule search has not been done.
#  Last modified 2022-12-01 10:44:42
#  File has been updated.
#  Successfully updated.
# variable set hash-table stats:
# Load=0/32=0%, Rehash=0, Collisions=0/0=0%
#  commands to execute (from `Makefile', line 41):
	@echo "$(CYAN)---- Compiling library ----"
	@sleep 0.2
	@echo "$(GREEN2)ðŸ“š Link paths"
	@$(MAKE) -C $(LBFT_PATH)
	@$(MAKE) -C $(PRINTF_PATH)
	@$(CC) $(CFLAGS) ${OBJS} -o $(NAME) $(LIB) $(MLXFLAGS)
	@printf "$(BLUE)ðŸµ Creating $(NAME)$(RESET)\n"
	@sleep 0.2
	@echo "$(CYAN)Cub3D Compiled ! \033[39m(\033[31mà¹‘\033[39mâ•¹â—¡â•¹\033[31mà¹‘\033[39m)"
	@sleep 0.2
	@echo ""
	

# Not a target:
.SUFFIXES:
#  Implicit rule search has not been done.
#  Modification time never checked.
#  File has not been updated.

# Not a target:
Makefile:
#  Implicit rule search has been done.
#  Last modified 2022-11-24 14:28:03
#  File has been updated.
#  Successfully updated.
# variable set hash-table stats:
# Load=0/32=0%, Rehash=0, Collisions=0/0=0%

.c.o: .c.c
#  Implicit rule search has not been done.
#  Implicit/static pattern stem: `.c'
#  Modification time never checked.
#  File has not been updated.
#  commands to execute (from `Makefile', line 36):
	@gcc ${CFLAGS} -I ${HEADER} -Imlx -c $< -o $(<:.c=.o)
	

fclean: clean
#  Phony target (prerequisite of .PHONY).
#  Implicit rule search has not been done.
#  File does not exist.
#  File has not been updated.
#  commands to execute (from `Makefile', line 70):
	@${RM} $(NAME)
	@$(MAKE) -C $(LBFT_PATH) fclean
	@$(MAKE) -C $(PRINTF_PATH) fclean
	@printf "\r$(PURP)----- Deleting library ----\n"
	@echo ðŸ—‘ "\033[31mEverything is deleting now !"
	@sleep 0.2
	@printf "\r$(PURP)$(NAME) have been removed $(WHITE)Â¯\_$(PURP)(ãƒ„)$(WHITE)_/Â¯$(RESET)\n"
	@sleep 0.2
	@echo ""
	

party:
#  Phony target (prerequisite of .PHONY).
#  Implicit rule search has not been done.
#  File does not exist.
#  File has not been updated.

# Not a target:
.DEFAULT:
#  Implicit rule search has not been done.
#  Modification time never checked.
#  File has not been updated.

re: fclean all
#  Phony target (prerequisite of .PHONY).
#  Implicit rule search has not been done.
#  File does not exist.
#  File has not been updated.

leak: all
#  Implicit rule search has not been done.
#  Modification time never checked.
#  File has not been updated.
#  commands to execute (from `Makefile', line 84):
	leaks -atExit -- ./$(NAME) map/map.cub
	

clean:
#  Phony target (prerequisite of .PHONY).
#  Implicit rule search has not been done.
#  File does not exist.
#  File has not been updated.
#  commands to execute (from `Makefile', line 55):
	@${RM} ${OBJS}
	@echo ""
	@echo "$(YELLOW)---- Cleaning library ----"
	@sleep 0.2
	@printf "$(BLUE)ðŸ§½ Cleaning $(NAME)$(RESET)\n"
	@$(MAKE) -C $(LBFT_PATH) clean
	@$(MAKE) -C $(PRINTF_PATH) clean
	@echo "$(GREEN2)ðŸ“š Cleaning paths"
	@sleep 0.2
	@echo "$(YELLOW)Cub3D is all clean ! $(ORANGE)(ï¾‰â—•ãƒ®â—•)ï¾‰$(YELLOW)*:ï½¥ï¾Ÿâœ§"
	@sleep 0.2
	@echo ""
	

 
# Not a target:
srcs/cub3d.o:
#  Implicit rule search has been done.
#  Last modified 2022-12-01 10:44:40
#  File has been updated.
#  Successfully updated.
# variable set hash-table stats:
# Load=0/32=0%, Rehash=0, Collisions=0/0=0%

# Not a target:
.c.c:
#  Implicit rule search has not been done.
#  Modification time never checked.
#  File has not been updated.

# files hash-table stats:
# Load=14/1024=1%, Rehash=0, Collisions=0/39=0%
# VPATH Search Paths

# No `vpath' search paths.

# No general (`VPATH' variable) search path.

# # of strings in strcache: 1
# # of strcache buffers: 1
# strcache size: total = 4096 / max = 4096 / min = 4096 / avg = 4096
# strcache free: total = 4087 / max = 4087 / min = 4087 / avg = 4087

# Finished Make data base on Thu Dec  1 12:58:33 2022

 
